<?xml version="1.0" encoding="UTF-8"?>
<testng-results ignored="0" total="1" passed="1" failed="0" skipped="0">
  <reporter-output>
  </reporter-output>
  <suite started-at="2025-08-28T15:51:40 AST" name="Default suite" finished-at="2025-08-28T15:52:07 AST" duration-ms="27816">
    <groups>
    </groups>
    <test started-at="2025-08-28T15:51:40 AST" name="Default test" finished-at="2025-08-28T15:52:07 AST" duration-ms="27816">
      <class name="tests.LaunchAppTest">
        <test-method is-config="true" signature="setUp()[pri:0, instance:tests.LaunchAppTest@217ed35e]" started-at="2025-08-28T15:51:40 AST" name="setUp" finished-at="2025-08-28T15:51:45 AST" duration-ms="5063" status="PASS">
          <reporter-output>
          </reporter-output>
        </test-method> <!-- setUp -->
        <test-method signature="verifyWelcomeAndLoginFlow()[pri:0, instance:tests.LaunchAppTest@217ed35e]" started-at="2025-08-28T15:51:45 AST" name="verifyWelcomeAndLoginFlow" finished-at="2025-08-28T15:52:07 AST" duration-ms="22311" status="PASS">
          <reporter-output>
          </reporter-output>
        </test-method> <!-- verifyWelcomeAndLoginFlow -->
        <test-method is-config="true" signature="tearDown()[pri:0, instance:tests.LaunchAppTest@217ed35e]" started-at="2025-08-28T15:52:07 AST" name="tearDown" finished-at="2025-08-28T15:52:07 AST" duration-ms="406" status="PASS">
          <reporter-output>
          </reporter-output>
        </test-method> <!-- tearDown -->
      </class> <!-- tests.LaunchAppTest -->
    </test> <!-- Default test -->
  </suite> <!-- Default suite -->
</testng-results>
